<?xml version="1.0" encoding="UTF-8"?>
<!-- Generated by org.testng.reporters.JUnitXMLReporter -->
<testsuite ignored="0" hostname="DESKTOP-586L42N" failures="0" tests="35" name="Test" time="0.261" errors="0" timestamp="2024-02-17T12:32:21 IST">
  <testcase classname="TestNG.createCustomer" name="customerDeleted" time="0.012"/>
  <testcase classname="TestNG.createCustomer" name="ModifyCustomer" time="0.002"/>
  <testcase classname="TestNG.createCustomer" name="createdCustomer" time="0.003"/>
  <testcase classname="TestNG.createCustomer" name="createdCustomer" time="0.008"/>
  <testcase classname="TestNG.createCustomer" name="createdCustomer" time="0.01"/>
  <testcase classname="TestNG.createCustomer" name="createdCustomer" time="0.003"/>
  <testcase classname="TestNG.createCustomer" name="createdCustomer" time="0.003"/>
  <testcase classname="TestNG.sunNg" name="customerDeleted" time="0.002"/>
  <testcase classname="TestNG.sunNg" name="ModifyCustomer" time="0.001"/>
  <testcase classname="TestNG.sunNg" name="createdCustomer" time="0.004"/>
  <testcase classname="TestNG.sunNg" name="createdCustomer" time="0.001"/>
  <testcase classname="TestNG.sunNg" name="createdCustomer" time="0.003"/>
  <testcase classname="TestNG.sunNg" name="createdCustomer" time="0.002"/>
  <testcase classname="TestNG.sunNg" name="createdCustomer" time="0.002"/>
  <testcase classname="TestNG.testNg" name="customerDeleted" time="0.004"/>
  <testcase classname="TestNG.testNg" name="ModifyCustomer" time="0.001"/>
  <testcase classname="TestNG.testNg" name="createdCustomer" time="0.001"/>
  <testcase classname="TestNG.testNg" name="createdCustomer" time="0.001"/>
  <testcase classname="TestNG.testNg" name="createdCustomer" time="0.003"/>
  <testcase classname="TestNG.testNg" name="createdCustomer" time="0.002"/>
  <testcase classname="TestNG.testNg" name="createdCustomer" time="0.003"/>
  <testcase classname="TestNG.moonNG" name="customerDeleted" time="0.001"/>
  <testcase classname="TestNG.moonNG" name="ModifyCustomer" time="0.003"/>
  <testcase classname="TestNG.moonNG" name="createdCustomer" time="0.004"/>
  <testcase classname="TestNG.moonNG" name="createdCustomer" time="0.002"/>
  <testcase classname="TestNG.moonNG" name="createdCustomer" time="0.001"/>
  <testcase classname="TestNG.moonNG" name="createdCustomer" time="0.001"/>
  <testcase classname="TestNG.moonNG" name="createdCustomer" time="0.004"/>
  <testcase classname="TestNG.starNG" name="customerDeleted" time="0.003"/>
  <testcase classname="TestNG.starNG" name="ModifyCustomer" time="0.003"/>
  <testcase classname="TestNG.starNG" name="createdCustomer" time="0.005"/>
  <testcase classname="TestNG.starNG" name="createdCustomer" time="0.002"/>
  <testcase classname="TestNG.starNG" name="createdCustomer" time="0.001"/>
  <testcase classname="TestNG.starNG" name="createdCustomer" time="0.001"/>
  <testcase classname="TestNG.starNG" name="createdCustomer" time="0.001"/>
</testsuite> <!-- Test -->
